e:\vscode\mfcapplication2\mfcapplication2\x64\debug\mfcapplication2.pch
e:\vscode\mfcapplication2\mfcapplication2\x64\debug\vc143.pdb
e:\vscode\mfcapplication2\mfcapplication2\x64\debug\vc143.idb
e:\vscode\mfcapplication2\mfcapplication2\x64\debug\pch.obj
e:\vscode\mfcapplication2\mfcapplication2\x64\debug\mfcapplication2dlg.obj
e:\vscode\mfcapplication2\mfcapplication2\x64\debug\mfcapplication2.obj
e:\vscode\mfcapplication2\mfcapplication2\x64\debug\mfcapplication2.res
e:\vscode\mfcapplication2\x64\debug\mfcapplication2.pdb
e:\vscode\mfcapplication2\mfcapplication2\x64\debug\mfcapplication2.tlog\cl.command.1.tlog
e:\vscode\mfcapplication2\mfcapplication2\x64\debug\mfcapplication2.tlog\cl.read.1.tlog
e:\vscode\mfcapplication2\mfcapplication2\x64\debug\mfcapplication2.tlog\cl.write.1.tlog
e:\vscode\mfcapplication2\mfcapplication2\x64\debug\mfcapplication2.tlog\link-cvtres.read.1.tlog
e:\vscode\mfcapplication2\mfcapplication2\x64\debug\mfcapplication2.tlog\link-cvtres.write.1.tlog
e:\vscode\mfcapplication2\mfcapplication2\x64\debug\mfcapplication2.tlog\link-mt.read.1.tlog
e:\vscode\mfcapplication2\mfcapplication2\x64\debug\mfcapplication2.tlog\link-mt.write.1.tlog
e:\vscode\mfcapplication2\mfcapplication2\x64\debug\mfcapplication2.tlog\link-rc.read.1.tlog
e:\vscode\mfcapplication2\mfcapplication2\x64\debug\mfcapplication2.tlog\link-rc.write.1.tlog
e:\vscode\mfcapplication2\mfcapplication2\x64\debug\mfcapplication2.tlog\link.command.1.tlog
e:\vscode\mfcapplication2\mfcapplication2\x64\debug\mfcapplication2.tlog\link.read.1.tlog
e:\vscode\mfcapplication2\mfcapplication2\x64\debug\mfcapplication2.tlog\link.read.3.tlog
e:\vscode\mfcapplication2\mfcapplication2\x64\debug\mfcapplication2.tlog\link.write.1.tlog
e:\vscode\mfcapplication2\mfcapplication2\x64\debug\mfcapplication2.tlog\rc.command.1.tlog
e:\vscode\mfcapplication2\mfcapplication2\x64\debug\mfcapplication2.tlog\rc.read.1.tlog
e:\vscode\mfcapplication2\mfcapplication2\x64\debug\mfcapplication2.tlog\rc.write.1.tlog
